22:02:51 **** Incremental Build of configuration Debug for project game_vision ****
make all 
Building file: ../src/OCR.cpp
Invoking: GCC C++ Compiler
g++ -I/usr/include/python2.7 -I/usr/include/boost/ -O0 -g3 -Wall -c -fmessage-length=0 -MMD -MP -MF"src/OCR.d" -MT"src/OCR.o" -o "src/OCR.o" "../src/OCR.cpp"
Finished building: ../src/OCR.cpp
 
Building file: ../src/SendDataToPython.cpp
Invoking: GCC C++ Compiler
g++ -I/usr/include/python2.7 -I/usr/include/boost/ -O0 -g3 -Wall -c -fmessage-length=0 -MMD -MP -MF"src/SendDataToPython.d" -MT"src/SendDataToPython.o" -o "src/SendDataToPython.o" "../src/SendDataToPython.cpp"
Finished building: ../src/SendDataToPython.cpp
 
Building file: ../src/SeperateObjects.cpp
Invoking: GCC C++ Compiler
g++ -I/usr/include/python2.7 -I/usr/include/boost/ -O0 -g3 -Wall -c -fmessage-length=0 -MMD -MP -MF"src/SeperateObjects.d" -MT"src/SeperateObjects.o" -o "src/SeperateObjects.o" "../src/SeperateObjects.cpp"
Finished building: ../src/SeperateObjects.cpp
 
Building file: ../src/featureextraction.cpp
Invoking: GCC C++ Compiler
g++ -I/usr/include/python2.7 -I/usr/include/boost/ -O0 -g3 -Wall -c -fmessage-length=0 -MMD -MP -MF"src/featureextraction.d" -MT"src/featureextraction.o" -o "src/featureextraction.o" "../src/featureextraction.cpp"
Finished building: ../src/featureextraction.cpp
 
Building file: ../src/main.cpp
Invoking: GCC C++ Compiler
g++ -I/usr/include/python2.7 -I/usr/include/boost/ -O0 -g3 -Wall -c -fmessage-length=0 -MMD -MP -MF"src/main.d" -MT"src/main.o" -o "src/main.o" "../src/main.cpp"
Finished building: ../src/main.cpp
 
Building file: ../src/yingyang.cpp
Invoking: GCC C++ Compiler
g++ -I/usr/include/python2.7 -I/usr/include/boost/ -O0 -g3 -Wall -c -fmessage-length=0 -MMD -MP -MF"src/yingyang.d" -MT"src/yingyang.o" -o "src/yingyang.o" "../src/yingyang.cpp"
Finished building: ../src/yingyang.cpp
 
Building target: game_vision
Invoking: GCC C++ Linker
g++ -L/usr/local/lib -lX11 -o "game_vision"  ./src/OCR.o ./src/SendDataToPython.o ./src/SeperateObjects.o ./src/featureextraction.o ./src/main.o ./src/yingyang.o   -lopencv_cudabgsegm -lopencv_cudaobjdetect -lopencv_cudastereo -lopencv_stitching -lopencv_cudafeatures2d -lopencv_superres -lopencv_cudacodec -lopencv_videostab -lopencv_cudaoptflow -lopencv_cudalegacy -lopencv_photo -lopencv_cudawarping -lopencv_cudaimgproc -lopencv_cudafilters -lopencv_aruco -lopencv_bgsegm -lopencv_bioinspired -lopencv_ccalib -lopencv_dpm -lopencv_face -lopencv_freetype -lopencv_fuzzy -lopencv_hdf -lopencv_line_descriptor -lopencv_optflow -lopencv_reg -lopencv_rgbd -lopencv_saliency -lopencv_stereo -lopencv_structured_light -lopencv_phase_unwrapping -lopencv_surface_matching -lopencv_tracking -lopencv_datasets -lopencv_text -lopencv_dnn -lopencv_plot -lopencv_ml -lopencv_xfeatures2d -lopencv_shape -lopencv_video -lopencv_cudaarithm -lopencv_ximgproc -lopencv_calib3d -lopencv_features2d -lopencv_highgui -lopencv_videoio -lopencv_flann -lopencv_xobjdetect -lopencv_imgcodecs -lopencv_objdetect -lopencv_xphoto -lopencv_imgproc -lopencv_core -lopencv_cudev -lboost_python -lboost_system -lpython2.7
Finished building target: game_vision
 

22:03:08 Build Finished (took 17s.614ms)

