23:40:07 **** Incremental Build of configuration Debug for project game_vision ****
make all 
Building file: ../src/main.cpp
Invoking: GCC C++ Compiler
g++ -I/usr/include/python2.7 -I/usr/include/boost/ -O0 -g3 -Wall -c -fmessage-length=0 -MMD -MP -MF"src/main.d" -MT"src/main.o" -o "src/main.o" "../src/main.cpp"
../src/main.cpp: In function ‘int letter()’:
../src/main.cpp:114:31: warning: comparison between signed and unsigned integer expressions [-Wsign-compare]
  for (int i = 0; i<words.size(); i++)
                               ^
../src/main.cpp:139:8: error: expected primary-expression before ‘->’ token
     api->SetImage(image);
        ^
../src/main.cpp:141:5: error: ‘outText’ was not declared in this scope
     outText = api->GetUTF8Text();
     ^
../src/main.cpp:141:18: error: expected primary-expression before ‘->’ token
     outText = api->GetUTF8Text();
                  ^
../src/main.cpp:145:8: error: expected primary-expression before ‘->’ token
     api->End();
        ^
../src/main.cpp:146:15: error: type ‘<type error>’ argument given to ‘delete’, expected pointer
     delete [] outText;
               ^
make: *** [src/main.o] Error 1
23:40:43 **** Incremental Build of configuration Debug for project game_vision ****
make all 
Building file: ../src/main.cpp
Invoking: GCC C++ Compiler
g++ -I/usr/include/python2.7 -I/usr/include/boost/ -O0 -g3 -Wall -c -fmessage-length=0 -MMD -MP -MF"src/main.d" -MT"src/main.o" -o "src/main.o" "../src/main.cpp"
../src/main.cpp: In function ‘int letter()’:
../src/main.cpp:114:31: warning: comparison between signed and unsigned integer expressions [-Wsign-compare]
  for (int i = 0; i<words.size(); i++)
                               ^
Finished building: ../src/main.cpp
 
Building target: game_vision
Invoking: GCC C++ Linker
g++ -L/usr/local/lib -o "game_vision"  ./src/SendDataToPython.o ./src/SeperateObjects.o ./src/featureextraction.o ./src/main.o ./src/yingyang.o   -lopencv_cudabgsegm -lopencv_cudaobjdetect -lopencv_cudastereo -lopencv_stitching -lopencv_cudafeatures2d -lopencv_superres -lopencv_cudacodec -lopencv_videostab -lopencv_cudaoptflow -lopencv_cudalegacy -lopencv_photo -lopencv_cudawarping -lopencv_cudaimgproc -lopencv_cudafilters -lopencv_aruco -lopencv_bgsegm -lopencv_bioinspired -lopencv_ccalib -lopencv_dpm -lopencv_face -lopencv_freetype -lopencv_fuzzy -lopencv_hdf -lopencv_line_descriptor -lopencv_optflow -lopencv_reg -lopencv_rgbd -lopencv_saliency -lopencv_stereo -lopencv_structured_light -lopencv_phase_unwrapping -lopencv_surface_matching -lopencv_tracking -lopencv_datasets -lopencv_text -lopencv_dnn -lopencv_plot -lopencv_ml -lopencv_xfeatures2d -lopencv_shape -lopencv_video -lopencv_cudaarithm -lopencv_ximgproc -lopencv_calib3d -lopencv_features2d -lopencv_highgui -lopencv_videoio -lopencv_flann -lopencv_xobjdetect -lopencv_imgcodecs -lopencv_objdetect -lopencv_xphoto -lopencv_imgproc -lopencv_core -lopencv_cudev -lboost_python -lboost_system -lpython2.7
/usr/bin/ld: ./src/main.o: undefined reference to symbol '_ZN9tesseract11TessBaseAPIC1Ev'
//usr/lib/libtesseract.so.3: error adding symbols: DSO missing from command line
collect2: error: ld returned 1 exit status
make: *** [game_vision] Error 1
23:45:57 **** Incremental Build of configuration Debug for project game_vision ****
make all 
Building target: game_vision
Invoking: GCC C++ Linker
g++ -L/usr/local/lib -lX11 -o "game_vision"  ./src/SendDataToPython.o ./src/SeperateObjects.o ./src/featureextraction.o ./src/main.o ./src/yingyang.o   -lopencv_cudabgsegm -lopencv_cudaobjdetect -lopencv_cudastereo -lopencv_stitching -lopencv_cudafeatures2d -lopencv_superres -lopencv_cudacodec -lopencv_videostab -lopencv_cudaoptflow -lopencv_cudalegacy -lopencv_photo -lopencv_cudawarping -lopencv_cudaimgproc -lopencv_cudafilters -lopencv_aruco -lopencv_bgsegm -lopencv_bioinspired -lopencv_ccalib -lopencv_dpm -lopencv_face -lopencv_freetype -lopencv_fuzzy -lopencv_hdf -lopencv_line_descriptor -lopencv_optflow -lopencv_reg -lopencv_rgbd -lopencv_saliency -lopencv_stereo -lopencv_structured_light -lopencv_phase_unwrapping -lopencv_surface_matching -lopencv_tracking -lopencv_datasets -lopencv_text -lopencv_dnn -lopencv_plot -lopencv_ml -lopencv_xfeatures2d -lopencv_shape -lopencv_video -lopencv_cudaarithm -lopencv_ximgproc -lopencv_calib3d -lopencv_features2d -lopencv_highgui -lopencv_videoio -lopencv_flann -lopencv_xobjdetect -lopencv_imgcodecs -lopencv_objdetect -lopencv_xphoto -lopencv_imgproc -lopencv_core -lopencv_cudev -lboost_python -lboost_system -lpython2.7
/usr/bin/ld: ./src/main.o: undefined reference to symbol '_ZN9tesseract11TessBaseAPIC1Ev'
//usr/lib/libtesseract.so.3: error adding symbols: DSO missing from command line
collect2: error: ld returned 1 exit status
make: *** [game_vision] Error 1
23:46:04 **** Incremental Build of configuration Debug for project game_vision ****
make all 
Building target: game_vision
Invoking: GCC C++ Linker
g++ -L/usr/local/lib -lX11 -o "game_vision"  ./src/SendDataToPython.o ./src/SeperateObjects.o ./src/featureextraction.o ./src/main.o ./src/yingyang.o   -lopencv_cudabgsegm -lopencv_cudaobjdetect -lopencv_cudastereo -lopencv_stitching -lopencv_cudafeatures2d -lopencv_superres -lopencv_cudacodec -lopencv_videostab -lopencv_cudaoptflow -lopencv_cudalegacy -lopencv_photo -lopencv_cudawarping -lopencv_cudaimgproc -lopencv_cudafilters -lopencv_aruco -lopencv_bgsegm -lopencv_bioinspired -lopencv_ccalib -lopencv_dpm -lopencv_face -lopencv_freetype -lopencv_fuzzy -lopencv_hdf -lopencv_line_descriptor -lopencv_optflow -lopencv_reg -lopencv_rgbd -lopencv_saliency -lopencv_stereo -lopencv_structured_light -lopencv_phase_unwrapping -lopencv_surface_matching -lopencv_tracking -lopencv_datasets -lopencv_text -lopencv_dnn -lopencv_plot -lopencv_ml -lopencv_xfeatures2d -lopencv_shape -lopencv_video -lopencv_cudaarithm -lopencv_ximgproc -lopencv_calib3d -lopencv_features2d -lopencv_highgui -lopencv_videoio -lopencv_flann -lopencv_xobjdetect -lopencv_imgcodecs -lopencv_objdetect -lopencv_xphoto -lopencv_imgproc -lopencv_core -lopencv_cudev -lboost_python -lboost_system -lpython2.7
/usr/bin/ld: ./src/main.o: undefined reference to symbol '_ZN9tesseract11TessBaseAPIC1Ev'
//usr/lib/libtesseract.so.3: error adding symbols: DSO missing from command line
collect2: error: ld returned 1 exit status
make: *** [game_vision] Error 1
23:46:14 **** Incremental Build of configuration Debug for project game_vision ****
make all 
Building target: game_vision
Invoking: GCC C++ Linker
g++ -L/usr/local/lib -lX11 -o "game_vision"  ./src/SendDataToPython.o ./src/SeperateObjects.o ./src/featureextraction.o ./src/main.o ./src/yingyang.o   -lopencv_cudabgsegm -lopencv_cudaobjdetect -lopencv_cudastereo -lopencv_stitching -lopencv_cudafeatures2d -lopencv_superres -lopencv_cudacodec -lopencv_videostab -lopencv_cudaoptflow -lopencv_cudalegacy -lopencv_photo -lopencv_cudawarping -lopencv_cudaimgproc -lopencv_cudafilters -lopencv_aruco -lopencv_bgsegm -lopencv_bioinspired -lopencv_ccalib -lopencv_dpm -lopencv_face -lopencv_freetype -lopencv_fuzzy -lopencv_hdf -lopencv_line_descriptor -lopencv_optflow -lopencv_reg -lopencv_rgbd -lopencv_saliency -lopencv_stereo -lopencv_structured_light -lopencv_phase_unwrapping -lopencv_surface_matching -lopencv_tracking -lopencv_datasets -lopencv_text -lopencv_dnn -lopencv_plot -lopencv_ml -lopencv_xfeatures2d -lopencv_shape -lopencv_video -lopencv_cudaarithm -lopencv_ximgproc -lopencv_calib3d -lopencv_features2d -lopencv_highgui -lopencv_videoio -lopencv_flann -lopencv_xobjdetect -lopencv_imgcodecs -lopencv_objdetect -lopencv_xphoto -lopencv_imgproc -lopencv_core -lopencv_cudev -lboost_python -lboost_system -lpython2.7
/usr/bin/ld: ./src/main.o: undefined reference to symbol '_ZN9tesseract11TessBaseAPIC1Ev'
//usr/lib/libtesseract.so.3: error adding symbols: DSO missing from command line
collect2: error: ld returned 1 exit status
make: *** [game_vision] Error 1
21:22:53 **** Incremental Build of configuration Debug for project game_vision ****
make all 
Building file: ../src/main.cpp
Invoking: GCC C++ Compiler
g++ -I/usr/include/python2.7 -I/usr/include/boost/ -O0 -g3 -Wall -c -fmessage-length=0 -MMD -MP -MF"src/main.d" -MT"src/main.o" -o "src/main.o" "../src/main.cpp"
../src/main.cpp: In function ‘int letter()’:
../src/main.cpp:114:31: warning: comparison between signed and unsigned integer expressions [-Wsign-compare]
  for (int i = 0; i<words.size(); i++)
                               ^
Finished building: ../src/main.cpp
 
Building target: game_vision
Invoking: GCC C++ Linker
g++ -L/usr/local/lib -lX11 -o "game_vision"  ./src/SendDataToPython.o ./src/SeperateObjects.o ./src/featureextraction.o ./src/main.o ./src/yingyang.o   -lopencv_cudabgsegm -lopencv_cudaobjdetect -lopencv_cudastereo -lopencv_stitching -lopencv_cudafeatures2d -lopencv_superres -lopencv_cudacodec -lopencv_videostab -lopencv_cudaoptflow -lopencv_cudalegacy -lopencv_photo -lopencv_cudawarping -lopencv_cudaimgproc -lopencv_cudafilters -lopencv_aruco -lopencv_bgsegm -lopencv_bioinspired -lopencv_ccalib -lopencv_dpm -lopencv_face -lopencv_freetype -lopencv_fuzzy -lopencv_hdf -lopencv_line_descriptor -lopencv_optflow -lopencv_reg -lopencv_rgbd -lopencv_saliency -lopencv_stereo -lopencv_structured_light -lopencv_phase_unwrapping -lopencv_surface_matching -lopencv_tracking -lopencv_datasets -lopencv_text -lopencv_dnn -lopencv_plot -lopencv_ml -lopencv_xfeatures2d -lopencv_shape -lopencv_video -lopencv_cudaarithm -lopencv_ximgproc -lopencv_calib3d -lopencv_features2d -lopencv_highgui -lopencv_videoio -lopencv_flann -lopencv_xobjdetect -lopencv_imgcodecs -lopencv_objdetect -lopencv_xphoto -lopencv_imgproc -lopencv_core -lopencv_cudev -lboost_python -lboost_system -lpython2.7
Finished building target: game_vision
 
21:23:36 **** Incremental Build of configuration Debug for project game_vision ****
make all 
Building file: ../src/main.cpp
Invoking: GCC C++ Compiler
g++ -I/usr/include/python2.7 -I/usr/include/boost/ -O0 -g3 -Wall -c -fmessage-length=0 -MMD -MP -MF"src/main.d" -MT"src/main.o" -o "src/main.o" "../src/main.cpp"
../src/main.cpp: In function ‘int letter()’:
../src/main.cpp:114:31: warning: comparison between signed and unsigned integer expressions [-Wsign-compare]
  for (int i = 0; i<words.size(); i++)
                               ^
Finished building: ../src/main.cpp
 
Building target: game_vision
Invoking: GCC C++ Linker
g++ -L/usr/local/lib -lX11 -o "game_vision"  ./src/SendDataToPython.o ./src/SeperateObjects.o ./src/featureextraction.o ./src/main.o ./src/yingyang.o   -lopencv_cudabgsegm -lopencv_cudaobjdetect -lopencv_cudastereo -lopencv_stitching -lopencv_cudafeatures2d -lopencv_superres -lopencv_cudacodec -lopencv_videostab -lopencv_cudaoptflow -lopencv_cudalegacy -lopencv_photo -lopencv_cudawarping -lopencv_cudaimgproc -lopencv_cudafilters -lopencv_aruco -lopencv_bgsegm -lopencv_bioinspired -lopencv_ccalib -lopencv_dpm -lopencv_face -lopencv_freetype -lopencv_fuzzy -lopencv_hdf -lopencv_line_descriptor -lopencv_optflow -lopencv_reg -lopencv_rgbd -lopencv_saliency -lopencv_stereo -lopencv_structured_light -lopencv_phase_unwrapping -lopencv_surface_matching -lopencv_tracking -lopencv_datasets -lopencv_text -lopencv_dnn -lopencv_plot -lopencv_ml -lopencv_xfeatures2d -lopencv_shape -lopencv_video -lopencv_cudaarithm -lopencv_ximgproc -lopencv_calib3d -lopencv_features2d -lopencv_highgui -lopencv_videoio -lopencv_flann -lopencv_xobjdetect -lopencv_imgcodecs -lopencv_objdetect -lopencv_xphoto -lopencv_imgproc -lopencv_core -lopencv_cudev -lboost_python -lboost_system -lpython2.7
Finished building target: game_vision
 
21:37:52 **** Incremental Build of configuration Debug for project game_vision ****
make all 
Building file: ../src/main.cpp
Invoking: GCC C++ Compiler
g++ -I/usr/include/python2.7 -I/usr/include/boost/ -O0 -g3 -Wall -c -fmessage-length=0 -MMD -MP -MF"src/main.d" -MT"src/main.o" -o "src/main.o" "../src/main.cpp"
../src/main.cpp: In function ‘int letter()’:
../src/main.cpp:114:31: warning: comparison between signed and unsigned integer expressions [-Wsign-compare]
  for (int i = 0; i<words.size(); i++)
                               ^
Finished building: ../src/main.cpp
 
Building target: game_vision
Invoking: GCC C++ Linker
g++ -L/usr/local/lib -lX11 -o "game_vision"  ./src/SendDataToPython.o ./src/SeperateObjects.o ./src/featureextraction.o ./src/main.o ./src/yingyang.o   -lopencv_cudabgsegm -lopencv_cudaobjdetect -lopencv_cudastereo -lopencv_stitching -lopencv_cudafeatures2d -lopencv_superres -lopencv_cudacodec -lopencv_videostab -lopencv_cudaoptflow -lopencv_cudalegacy -lopencv_photo -lopencv_cudawarping -lopencv_cudaimgproc -lopencv_cudafilters -lopencv_aruco -lopencv_bgsegm -lopencv_bioinspired -lopencv_ccalib -lopencv_dpm -lopencv_face -lopencv_freetype -lopencv_fuzzy -lopencv_hdf -lopencv_line_descriptor -lopencv_optflow -lopencv_reg -lopencv_rgbd -lopencv_saliency -lopencv_stereo -lopencv_structured_light -lopencv_phase_unwrapping -lopencv_surface_matching -lopencv_tracking -lopencv_datasets -lopencv_text -lopencv_dnn -lopencv_plot -lopencv_ml -lopencv_xfeatures2d -lopencv_shape -lopencv_video -lopencv_cudaarithm -lopencv_ximgproc -lopencv_calib3d -lopencv_features2d -lopencv_highgui -lopencv_videoio -lopencv_flann -lopencv_xobjdetect -lopencv_imgcodecs -lopencv_objdetect -lopencv_xphoto -lopencv_imgproc -lopencv_core -lopencv_cudev -lboost_python -lboost_system -lpython2.7
Finished building target: game_vision
 
21:39:09 **** Incremental Build of configuration Debug for project game_vision ****
make all 
Building file: ../src/main.cpp
Invoking: GCC C++ Compiler
g++ -I/usr/include/python2.7 -I/usr/include/boost/ -O0 -g3 -Wall -c -fmessage-length=0 -MMD -MP -MF"src/main.d" -MT"src/main.o" -o "src/main.o" "../src/main.cpp"
../src/main.cpp: In function ‘int letter()’:
../src/main.cpp:114:31: warning: comparison between signed and unsigned integer expressions [-Wsign-compare]
  for (int i = 0; i<words.size(); i++)
                               ^
Finished building: ../src/main.cpp
 
Building target: game_vision
Invoking: GCC C++ Linker
g++ -L/usr/local/lib -lX11 -o "game_vision"  ./src/SendDataToPython.o ./src/SeperateObjects.o ./src/featureextraction.o ./src/main.o ./src/yingyang.o   -lopencv_cudabgsegm -lopencv_cudaobjdetect -lopencv_cudastereo -lopencv_stitching -lopencv_cudafeatures2d -lopencv_superres -lopencv_cudacodec -lopencv_videostab -lopencv_cudaoptflow -lopencv_cudalegacy -lopencv_photo -lopencv_cudawarping -lopencv_cudaimgproc -lopencv_cudafilters -lopencv_aruco -lopencv_bgsegm -lopencv_bioinspired -lopencv_ccalib -lopencv_dpm -lopencv_face -lopencv_freetype -lopencv_fuzzy -lopencv_hdf -lopencv_line_descriptor -lopencv_optflow -lopencv_reg -lopencv_rgbd -lopencv_saliency -lopencv_stereo -lopencv_structured_light -lopencv_phase_unwrapping -lopencv_surface_matching -lopencv_tracking -lopencv_datasets -lopencv_text -lopencv_dnn -lopencv_plot -lopencv_ml -lopencv_xfeatures2d -lopencv_shape -lopencv_video -lopencv_cudaarithm -lopencv_ximgproc -lopencv_calib3d -lopencv_features2d -lopencv_highgui -lopencv_videoio -lopencv_flann -lopencv_xobjdetect -lopencv_imgcodecs -lopencv_objdetect -lopencv_xphoto -lopencv_imgproc -lopencv_core -lopencv_cudev -lboost_python -lboost_system -lpython2.7
Finished building target: game_vision
 
21:48:37 **** Incremental Build of configuration Debug for project game_vision ****
make all 
Building file: ../src/main.cpp
Invoking: GCC C++ Compiler
g++ -I/usr/include/python2.7 -I/usr/include/boost/ -O0 -g3 -Wall -c -fmessage-length=0 -MMD -MP -MF"src/main.d" -MT"src/main.o" -o "src/main.o" "../src/main.cpp"
../src/main.cpp: In function ‘int letter()’:
../src/main.cpp:114:31: warning: comparison between signed and unsigned integer expressions [-Wsign-compare]
  for (int i = 0; i<words.size(); i++)
                               ^
Finished building: ../src/main.cpp
 
Building target: game_vision
Invoking: GCC C++ Linker
g++ -L/usr/local/lib -lX11 -o "game_vision"  ./src/SendDataToPython.o ./src/SeperateObjects.o ./src/featureextraction.o ./src/main.o ./src/yingyang.o   -lopencv_cudabgsegm -lopencv_cudaobjdetect -lopencv_cudastereo -lopencv_stitching -lopencv_cudafeatures2d -lopencv_superres -lopencv_cudacodec -lopencv_videostab -lopencv_cudaoptflow -lopencv_cudalegacy -lopencv_photo -lopencv_cudawarping -lopencv_cudaimgproc -lopencv_cudafilters -lopencv_aruco -lopencv_bgsegm -lopencv_bioinspired -lopencv_ccalib -lopencv_dpm -lopencv_face -lopencv_freetype -lopencv_fuzzy -lopencv_hdf -lopencv_line_descriptor -lopencv_optflow -lopencv_reg -lopencv_rgbd -lopencv_saliency -lopencv_stereo -lopencv_structured_light -lopencv_phase_unwrapping -lopencv_surface_matching -lopencv_tracking -lopencv_datasets -lopencv_text -lopencv_dnn -lopencv_plot -lopencv_ml -lopencv_xfeatures2d -lopencv_shape -lopencv_video -lopencv_cudaarithm -lopencv_ximgproc -lopencv_calib3d -lopencv_features2d -lopencv_highgui -lopencv_videoio -lopencv_flann -lopencv_xobjdetect -lopencv_imgcodecs -lopencv_objdetect -lopencv_xphoto -lopencv_imgproc -lopencv_core -lopencv_cudev -lboost_python -lboost_system -lpython2.7
Finished building target: game_vision
 
21:50:23 **** Incremental Build of configuration Debug for project game_vision ****
make all 
Building file: ../src/main.cpp
Invoking: GCC C++ Compiler
g++ -I/usr/include/python2.7 -I/usr/include/boost/ -O0 -g3 -Wall -c -fmessage-length=0 -MMD -MP -MF"src/main.d" -MT"src/main.o" -o "src/main.o" "../src/main.cpp"
../src/main.cpp: In function ‘int letter()’:
../src/main.cpp:114:31: warning: comparison between signed and unsigned integer expressions [-Wsign-compare]
  for (int i = 0; i<words.size(); i++)
                               ^
Finished building: ../src/main.cpp
 
Building target: game_vision
Invoking: GCC C++ Linker
g++ -L/usr/local/lib -lX11 -o "game_vision"  ./src/SendDataToPython.o ./src/SeperateObjects.o ./src/featureextraction.o ./src/main.o ./src/yingyang.o   -lopencv_cudabgsegm -lopencv_cudaobjdetect -lopencv_cudastereo -lopencv_stitching -lopencv_cudafeatures2d -lopencv_superres -lopencv_cudacodec -lopencv_videostab -lopencv_cudaoptflow -lopencv_cudalegacy -lopencv_photo -lopencv_cudawarping -lopencv_cudaimgproc -lopencv_cudafilters -lopencv_aruco -lopencv_bgsegm -lopencv_bioinspired -lopencv_ccalib -lopencv_dpm -lopencv_face -lopencv_freetype -lopencv_fuzzy -lopencv_hdf -lopencv_line_descriptor -lopencv_optflow -lopencv_reg -lopencv_rgbd -lopencv_saliency -lopencv_stereo -lopencv_structured_light -lopencv_phase_unwrapping -lopencv_surface_matching -lopencv_tracking -lopencv_datasets -lopencv_text -lopencv_dnn -lopencv_plot -lopencv_ml -lopencv_xfeatures2d -lopencv_shape -lopencv_video -lopencv_cudaarithm -lopencv_ximgproc -lopencv_calib3d -lopencv_features2d -lopencv_highgui -lopencv_videoio -lopencv_flann -lopencv_xobjdetect -lopencv_imgcodecs -lopencv_objdetect -lopencv_xphoto -lopencv_imgproc -lopencv_core -lopencv_cudev -lboost_python -lboost_system -lpython2.7
Finished building target: game_vision
 
21:50:42 **** Incremental Build of configuration Debug for project game_vision ****
make all 
Building file: ../src/main.cpp
Invoking: GCC C++ Compiler
g++ -I/usr/include/python2.7 -I/usr/include/boost/ -O0 -g3 -Wall -c -fmessage-length=0 -MMD -MP -MF"src/main.d" -MT"src/main.o" -o "src/main.o" "../src/main.cpp"
../src/main.cpp: In function ‘int letter()’:
../src/main.cpp:114:31: warning: comparison between signed and unsigned integer expressions [-Wsign-compare]
  for (int i = 0; i<words.size(); i++)
                               ^
Finished building: ../src/main.cpp
 
Building target: game_vision
Invoking: GCC C++ Linker
g++ -L/usr/local/lib -lX11 -o "game_vision"  ./src/SendDataToPython.o ./src/SeperateObjects.o ./src/featureextraction.o ./src/main.o ./src/yingyang.o   -lopencv_cudabgsegm -lopencv_cudaobjdetect -lopencv_cudastereo -lopencv_stitching -lopencv_cudafeatures2d -lopencv_superres -lopencv_cudacodec -lopencv_videostab -lopencv_cudaoptflow -lopencv_cudalegacy -lopencv_photo -lopencv_cudawarping -lopencv_cudaimgproc -lopencv_cudafilters -lopencv_aruco -lopencv_bgsegm -lopencv_bioinspired -lopencv_ccalib -lopencv_dpm -lopencv_face -lopencv_freetype -lopencv_fuzzy -lopencv_hdf -lopencv_line_descriptor -lopencv_optflow -lopencv_reg -lopencv_rgbd -lopencv_saliency -lopencv_stereo -lopencv_structured_light -lopencv_phase_unwrapping -lopencv_surface_matching -lopencv_tracking -lopencv_datasets -lopencv_text -lopencv_dnn -lopencv_plot -lopencv_ml -lopencv_xfeatures2d -lopencv_shape -lopencv_video -lopencv_cudaarithm -lopencv_ximgproc -lopencv_calib3d -lopencv_features2d -lopencv_highgui -lopencv_videoio -lopencv_flann -lopencv_xobjdetect -lopencv_imgcodecs -lopencv_objdetect -lopencv_xphoto -lopencv_imgproc -lopencv_core -lopencv_cudev -lboost_python -lboost_system -lpython2.7
Finished building target: game_vision
 
21:55:55 **** Incremental Build of configuration Debug for project game_vision ****
make all 
Building file: ../src/main.cpp
Invoking: GCC C++ Compiler
g++ -I/usr/include/python2.7 -I/usr/include/boost/ -O0 -g3 -Wall -c -fmessage-length=0 -MMD -MP -MF"src/main.d" -MT"src/main.o" -o "src/main.o" "../src/main.cpp"
../src/main.cpp: In function ‘int letter()’:
../src/main.cpp:114:31: warning: comparison between signed and unsigned integer expressions [-Wsign-compare]
  for (int i = 0; i<words.size(); i++)
                               ^
Finished building: ../src/main.cpp
 
Building target: game_vision
Invoking: GCC C++ Linker
g++ -L/usr/local/lib -lX11 -o "game_vision"  ./src/SendDataToPython.o ./src/SeperateObjects.o ./src/featureextraction.o ./src/main.o ./src/yingyang.o   -lopencv_cudabgsegm -lopencv_cudaobjdetect -lopencv_cudastereo -lopencv_stitching -lopencv_cudafeatures2d -lopencv_superres -lopencv_cudacodec -lopencv_videostab -lopencv_cudaoptflow -lopencv_cudalegacy -lopencv_photo -lopencv_cudawarping -lopencv_cudaimgproc -lopencv_cudafilters -lopencv_aruco -lopencv_bgsegm -lopencv_bioinspired -lopencv_ccalib -lopencv_dpm -lopencv_face -lopencv_freetype -lopencv_fuzzy -lopencv_hdf -lopencv_line_descriptor -lopencv_optflow -lopencv_reg -lopencv_rgbd -lopencv_saliency -lopencv_stereo -lopencv_structured_light -lopencv_phase_unwrapping -lopencv_surface_matching -lopencv_tracking -lopencv_datasets -lopencv_text -lopencv_dnn -lopencv_plot -lopencv_ml -lopencv_xfeatures2d -lopencv_shape -lopencv_video -lopencv_cudaarithm -lopencv_ximgproc -lopencv_calib3d -lopencv_features2d -lopencv_highgui -lopencv_videoio -lopencv_flann -lopencv_xobjdetect -lopencv_imgcodecs -lopencv_objdetect -lopencv_xphoto -lopencv_imgproc -lopencv_core -lopencv_cudev -lboost_python -lboost_system -lpython2.7
Finished building target: game_vision
 
21:56:11 **** Incremental Build of configuration Debug for project game_vision ****
make all 
Building file: ../src/main.cpp
Invoking: GCC C++ Compiler
g++ -I/usr/include/python2.7 -I/usr/include/boost/ -O0 -g3 -Wall -c -fmessage-length=0 -MMD -MP -MF"src/main.d" -MT"src/main.o" -o "src/main.o" "../src/main.cpp"
../src/main.cpp: In function ‘int letter()’:
../src/main.cpp:114:31: warning: comparison between signed and unsigned integer expressions [-Wsign-compare]
  for (int i = 0; i<words.size(); i++)
                               ^
Finished building: ../src/main.cpp
 
Building target: game_vision
Invoking: GCC C++ Linker
g++ -L/usr/local/lib -lX11 -o "game_vision"  ./src/SendDataToPython.o ./src/SeperateObjects.o ./src/featureextraction.o ./src/main.o ./src/yingyang.o   -lopencv_cudabgsegm -lopencv_cudaobjdetect -lopencv_cudastereo -lopencv_stitching -lopencv_cudafeatures2d -lopencv_superres -lopencv_cudacodec -lopencv_videostab -lopencv_cudaoptflow -lopencv_cudalegacy -lopencv_photo -lopencv_cudawarping -lopencv_cudaimgproc -lopencv_cudafilters -lopencv_aruco -lopencv_bgsegm -lopencv_bioinspired -lopencv_ccalib -lopencv_dpm -lopencv_face -lopencv_freetype -lopencv_fuzzy -lopencv_hdf -lopencv_line_descriptor -lopencv_optflow -lopencv_reg -lopencv_rgbd -lopencv_saliency -lopencv_stereo -lopencv_structured_light -lopencv_phase_unwrapping -lopencv_surface_matching -lopencv_tracking -lopencv_datasets -lopencv_text -lopencv_dnn -lopencv_plot -lopencv_ml -lopencv_xfeatures2d -lopencv_shape -lopencv_video -lopencv_cudaarithm -lopencv_ximgproc -lopencv_calib3d -lopencv_features2d -lopencv_highgui -lopencv_videoio -lopencv_flann -lopencv_xobjdetect -lopencv_imgcodecs -lopencv_objdetect -lopencv_xphoto -lopencv_imgproc -lopencv_core -lopencv_cudev -lboost_python -lboost_system -lpython2.7
Finished building target: game_vision
 
21:58:21 **** Incremental Build of configuration Debug for project game_vision ****
make all 
Building file: ../src/main.cpp
Invoking: GCC C++ Compiler
g++ -I/usr/include/python2.7 -I/usr/include/boost/ -O0 -g3 -Wall -c -fmessage-length=0 -MMD -MP -MF"src/main.d" -MT"src/main.o" -o "src/main.o" "../src/main.cpp"
../src/main.cpp: In function ‘int letter()’:
../src/main.cpp:114:31: warning: comparison between signed and unsigned integer expressions [-Wsign-compare]
  for (int i = 0; i<words.size(); i++)
                               ^
Finished building: ../src/main.cpp
 
Building target: game_vision
Invoking: GCC C++ Linker
g++ -L/usr/local/lib -lX11 -o "game_vision"  ./src/SendDataToPython.o ./src/SeperateObjects.o ./src/featureextraction.o ./src/main.o ./src/yingyang.o   -lopencv_cudabgsegm -lopencv_cudaobjdetect -lopencv_cudastereo -lopencv_stitching -lopencv_cudafeatures2d -lopencv_superres -lopencv_cudacodec -lopencv_videostab -lopencv_cudaoptflow -lopencv_cudalegacy -lopencv_photo -lopencv_cudawarping -lopencv_cudaimgproc -lopencv_cudafilters -lopencv_aruco -lopencv_bgsegm -lopencv_bioinspired -lopencv_ccalib -lopencv_dpm -lopencv_face -lopencv_freetype -lopencv_fuzzy -lopencv_hdf -lopencv_line_descriptor -lopencv_optflow -lopencv_reg -lopencv_rgbd -lopencv_saliency -lopencv_stereo -lopencv_structured_light -lopencv_phase_unwrapping -lopencv_surface_matching -lopencv_tracking -lopencv_datasets -lopencv_text -lopencv_dnn -lopencv_plot -lopencv_ml -lopencv_xfeatures2d -lopencv_shape -lopencv_video -lopencv_cudaarithm -lopencv_ximgproc -lopencv_calib3d -lopencv_features2d -lopencv_highgui -lopencv_videoio -lopencv_flann -lopencv_xobjdetect -lopencv_imgcodecs -lopencv_objdetect -lopencv_xphoto -lopencv_imgproc -lopencv_core -lopencv_cudev -lboost_python -lboost_system -lpython2.7
Finished building target: game_vision
 
21:58:42 **** Incremental Build of configuration Debug for project game_vision ****
make all 
Building file: ../src/main.cpp
Invoking: GCC C++ Compiler
g++ -I/usr/include/python2.7 -I/usr/include/boost/ -O0 -g3 -Wall -c -fmessage-length=0 -MMD -MP -MF"src/main.d" -MT"src/main.o" -o "src/main.o" "../src/main.cpp"
../src/main.cpp: In function ‘int letter()’:
../src/main.cpp:114:31: warning: comparison between signed and unsigned integer expressions [-Wsign-compare]
  for (int i = 0; i<words.size(); i++)
                               ^
Finished building: ../src/main.cpp
 
Building target: game_vision
Invoking: GCC C++ Linker
g++ -L/usr/local/lib -lX11 -o "game_vision"  ./src/SendDataToPython.o ./src/SeperateObjects.o ./src/featureextraction.o ./src/main.o ./src/yingyang.o   -lopencv_cudabgsegm -lopencv_cudaobjdetect -lopencv_cudastereo -lopencv_stitching -lopencv_cudafeatures2d -lopencv_superres -lopencv_cudacodec -lopencv_videostab -lopencv_cudaoptflow -lopencv_cudalegacy -lopencv_photo -lopencv_cudawarping -lopencv_cudaimgproc -lopencv_cudafilters -lopencv_aruco -lopencv_bgsegm -lopencv_bioinspired -lopencv_ccalib -lopencv_dpm -lopencv_face -lopencv_freetype -lopencv_fuzzy -lopencv_hdf -lopencv_line_descriptor -lopencv_optflow -lopencv_reg -lopencv_rgbd -lopencv_saliency -lopencv_stereo -lopencv_structured_light -lopencv_phase_unwrapping -lopencv_surface_matching -lopencv_tracking -lopencv_datasets -lopencv_text -lopencv_dnn -lopencv_plot -lopencv_ml -lopencv_xfeatures2d -lopencv_shape -lopencv_video -lopencv_cudaarithm -lopencv_ximgproc -lopencv_calib3d -lopencv_features2d -lopencv_highgui -lopencv_videoio -lopencv_flann -lopencv_xobjdetect -lopencv_imgcodecs -lopencv_objdetect -lopencv_xphoto -lopencv_imgproc -lopencv_core -lopencv_cudev -lboost_python -lboost_system -lpython2.7
Finished building target: game_vision
 
22:01:17 **** Incremental Build of configuration Debug for project game_vision ****
make all 
Building file: ../src/main.cpp
Invoking: GCC C++ Compiler
g++ -I/usr/include/python2.7 -I/usr/include/boost/ -O0 -g3 -Wall -c -fmessage-length=0 -MMD -MP -MF"src/main.d" -MT"src/main.o" -o "src/main.o" "../src/main.cpp"
../src/main.cpp: In function ‘int letter()’:
../src/main.cpp:114:31: warning: comparison between signed and unsigned integer expressions [-Wsign-compare]
  for (int i = 0; i<words.size(); i++)
                               ^
Finished building: ../src/main.cpp
 
Building target: game_vision
Invoking: GCC C++ Linker
g++ -L/usr/local/lib -lX11 -o "game_vision"  ./src/SendDataToPython.o ./src/SeperateObjects.o ./src/featureextraction.o ./src/main.o ./src/yingyang.o   -lopencv_cudabgsegm -lopencv_cudaobjdetect -lopencv_cudastereo -lopencv_stitching -lopencv_cudafeatures2d -lopencv_superres -lopencv_cudacodec -lopencv_videostab -lopencv_cudaoptflow -lopencv_cudalegacy -lopencv_photo -lopencv_cudawarping -lopencv_cudaimgproc -lopencv_cudafilters -lopencv_aruco -lopencv_bgsegm -lopencv_bioinspired -lopencv_ccalib -lopencv_dpm -lopencv_face -lopencv_freetype -lopencv_fuzzy -lopencv_hdf -lopencv_line_descriptor -lopencv_optflow -lopencv_reg -lopencv_rgbd -lopencv_saliency -lopencv_stereo -lopencv_structured_light -lopencv_phase_unwrapping -lopencv_surface_matching -lopencv_tracking -lopencv_datasets -lopencv_text -lopencv_dnn -lopencv_plot -lopencv_ml -lopencv_xfeatures2d -lopencv_shape -lopencv_video -lopencv_cudaarithm -lopencv_ximgproc -lopencv_calib3d -lopencv_features2d -lopencv_highgui -lopencv_videoio -lopencv_flann -lopencv_xobjdetect -lopencv_imgcodecs -lopencv_objdetect -lopencv_xphoto -lopencv_imgproc -lopencv_core -lopencv_cudev -lboost_python -lboost_system -lpython2.7
Finished building target: game_vision
 
22:01:31 **** Incremental Build of configuration Debug for project game_vision ****
make all 
Building file: ../src/main.cpp
Invoking: GCC C++ Compiler
g++ -I/usr/include/python2.7 -I/usr/include/boost/ -O0 -g3 -Wall -c -fmessage-length=0 -MMD -MP -MF"src/main.d" -MT"src/main.o" -o "src/main.o" "../src/main.cpp"
../src/main.cpp: In function ‘int letter()’:
../src/main.cpp:114:31: warning: comparison between signed and unsigned integer expressions [-Wsign-compare]
  for (int i = 0; i<words.size(); i++)
                               ^
Finished building: ../src/main.cpp
 
Building target: game_vision
Invoking: GCC C++ Linker
g++ -L/usr/local/lib -lX11 -o "game_vision"  ./src/SendDataToPython.o ./src/SeperateObjects.o ./src/featureextraction.o ./src/main.o ./src/yingyang.o   -lopencv_cudabgsegm -lopencv_cudaobjdetect -lopencv_cudastereo -lopencv_stitching -lopencv_cudafeatures2d -lopencv_superres -lopencv_cudacodec -lopencv_videostab -lopencv_cudaoptflow -lopencv_cudalegacy -lopencv_photo -lopencv_cudawarping -lopencv_cudaimgproc -lopencv_cudafilters -lopencv_aruco -lopencv_bgsegm -lopencv_bioinspired -lopencv_ccalib -lopencv_dpm -lopencv_face -lopencv_freetype -lopencv_fuzzy -lopencv_hdf -lopencv_line_descriptor -lopencv_optflow -lopencv_reg -lopencv_rgbd -lopencv_saliency -lopencv_stereo -lopencv_structured_light -lopencv_phase_unwrapping -lopencv_surface_matching -lopencv_tracking -lopencv_datasets -lopencv_text -lopencv_dnn -lopencv_plot -lopencv_ml -lopencv_xfeatures2d -lopencv_shape -lopencv_video -lopencv_cudaarithm -lopencv_ximgproc -lopencv_calib3d -lopencv_features2d -lopencv_highgui -lopencv_videoio -lopencv_flann -lopencv_xobjdetect -lopencv_imgcodecs -lopencv_objdetect -lopencv_xphoto -lopencv_imgproc -lopencv_core -lopencv_cudev -lboost_python -lboost_system -lpython2.7
Finished building target: game_vision
 
22:04:43 **** Incremental Build of configuration Debug for project game_vision ****
make all 
make: Nothing to be done for `all'.
22:05:08 **** Incremental Build of configuration Debug for project game_vision ****
make all 
make: Nothing to be done for `all'.
22:06:52 **** Incremental Build of configuration Debug for project game_vision ****
make all 
Building file: ../src/main.cpp
Invoking: GCC C++ Compiler
g++ -I/usr/include/python2.7 -I/usr/include/boost/ -O0 -g3 -Wall -c -fmessage-length=0 -MMD -MP -MF"src/main.d" -MT"src/main.o" -o "src/main.o" "../src/main.cpp"
../src/main.cpp: In function ‘int letter()’:
../src/main.cpp:114:31: warning: comparison between signed and unsigned integer expressions [-Wsign-compare]
  for (int i = 0; i<words.size(); i++)
                               ^
Finished building: ../src/main.cpp
 
Building target: game_vision
Invoking: GCC C++ Linker
g++ -L/usr/local/lib -lX11 -o "game_vision"  ./src/SendDataToPython.o ./src/SeperateObjects.o ./src/featureextraction.o ./src/main.o ./src/yingyang.o   -lopencv_cudabgsegm -lopencv_cudaobjdetect -lopencv_cudastereo -lopencv_stitching -lopencv_cudafeatures2d -lopencv_superres -lopencv_cudacodec -lopencv_videostab -lopencv_cudaoptflow -lopencv_cudalegacy -lopencv_photo -lopencv_cudawarping -lopencv_cudaimgproc -lopencv_cudafilters -lopencv_aruco -lopencv_bgsegm -lopencv_bioinspired -lopencv_ccalib -lopencv_dpm -lopencv_face -lopencv_freetype -lopencv_fuzzy -lopencv_hdf -lopencv_line_descriptor -lopencv_optflow -lopencv_reg -lopencv_rgbd -lopencv_saliency -lopencv_stereo -lopencv_structured_light -lopencv_phase_unwrapping -lopencv_surface_matching -lopencv_tracking -lopencv_datasets -lopencv_text -lopencv_dnn -lopencv_plot -lopencv_ml -lopencv_xfeatures2d -lopencv_shape -lopencv_video -lopencv_cudaarithm -lopencv_ximgproc -lopencv_calib3d -lopencv_features2d -lopencv_highgui -lopencv_videoio -lopencv_flann -lopencv_xobjdetect -lopencv_imgcodecs -lopencv_objdetect -lopencv_xphoto -lopencv_imgproc -lopencv_core -lopencv_cudev -lboost_python -lboost_system -lpython2.7
Finished building target: game_vision
 
22:07:25 **** Incremental Build of configuration Debug for project game_vision ****
make all 
Building file: ../src/main.cpp
Invoking: GCC C++ Compiler
g++ -I/usr/include/python2.7 -I/usr/include/boost/ -O0 -g3 -Wall -c -fmessage-length=0 -MMD -MP -MF"src/main.d" -MT"src/main.o" -o "src/main.o" "../src/main.cpp"
../src/main.cpp: In function ‘int letter()’:
../src/main.cpp:114:31: warning: comparison between signed and unsigned integer expressions [-Wsign-compare]
  for (int i = 0; i<words.size(); i++)
                               ^
Finished building: ../src/main.cpp
 
Building target: game_vision
Invoking: GCC C++ Linker
g++ -L/usr/local/lib -lX11 -o "game_vision"  ./src/SendDataToPython.o ./src/SeperateObjects.o ./src/featureextraction.o ./src/main.o ./src/yingyang.o   -lopencv_cudabgsegm -lopencv_cudaobjdetect -lopencv_cudastereo -lopencv_stitching -lopencv_cudafeatures2d -lopencv_superres -lopencv_cudacodec -lopencv_videostab -lopencv_cudaoptflow -lopencv_cudalegacy -lopencv_photo -lopencv_cudawarping -lopencv_cudaimgproc -lopencv_cudafilters -lopencv_aruco -lopencv_bgsegm -lopencv_bioinspired -lopencv_ccalib -lopencv_dpm -lopencv_face -lopencv_freetype -lopencv_fuzzy -lopencv_hdf -lopencv_line_descriptor -lopencv_optflow -lopencv_reg -lopencv_rgbd -lopencv_saliency -lopencv_stereo -lopencv_structured_light -lopencv_phase_unwrapping -lopencv_surface_matching -lopencv_tracking -lopencv_datasets -lopencv_text -lopencv_dnn -lopencv_plot -lopencv_ml -lopencv_xfeatures2d -lopencv_shape -lopencv_video -lopencv_cudaarithm -lopencv_ximgproc -lopencv_calib3d -lopencv_features2d -lopencv_highgui -lopencv_videoio -lopencv_flann -lopencv_xobjdetect -lopencv_imgcodecs -lopencv_objdetect -lopencv_xphoto -lopencv_imgproc -lopencv_core -lopencv_cudev -lboost_python -lboost_system -lpython2.7
Finished building target: game_vision
 
22:29:20 **** Incremental Build of configuration Debug for project game_vision ****
make all 
Building file: ../src/main.cpp
Invoking: GCC C++ Compiler
g++ -I/usr/include/python2.7 -I/usr/include/boost/ -O0 -g3 -Wall -c -fmessage-length=0 -MMD -MP -MF"src/main.d" -MT"src/main.o" -o "src/main.o" "../src/main.cpp"
../src/main.cpp: In function ‘int letter()’:
../src/main.cpp:118:33: warning: comparison between signed and unsigned integer expressions [-Wsign-compare]
    for (int i = 0; i<words.size(); i++)
                                 ^
Finished building: ../src/main.cpp
 
Building target: game_vision
Invoking: GCC C++ Linker
g++ -L/usr/local/lib -lX11 -o "game_vision"  ./src/SendDataToPython.o ./src/SeperateObjects.o ./src/featureextraction.o ./src/main.o ./src/yingyang.o   -lopencv_cudabgsegm -lopencv_cudaobjdetect -lopencv_cudastereo -lopencv_stitching -lopencv_cudafeatures2d -lopencv_superres -lopencv_cudacodec -lopencv_videostab -lopencv_cudaoptflow -lopencv_cudalegacy -lopencv_photo -lopencv_cudawarping -lopencv_cudaimgproc -lopencv_cudafilters -lopencv_aruco -lopencv_bgsegm -lopencv_bioinspired -lopencv_ccalib -lopencv_dpm -lopencv_face -lopencv_freetype -lopencv_fuzzy -lopencv_hdf -lopencv_line_descriptor -lopencv_optflow -lopencv_reg -lopencv_rgbd -lopencv_saliency -lopencv_stereo -lopencv_structured_light -lopencv_phase_unwrapping -lopencv_surface_matching -lopencv_tracking -lopencv_datasets -lopencv_text -lopencv_dnn -lopencv_plot -lopencv_ml -lopencv_xfeatures2d -lopencv_shape -lopencv_video -lopencv_cudaarithm -lopencv_ximgproc -lopencv_calib3d -lopencv_features2d -lopencv_highgui -lopencv_videoio -lopencv_flann -lopencv_xobjdetect -lopencv_imgcodecs -lopencv_objdetect -lopencv_xphoto -lopencv_imgproc -lopencv_core -lopencv_cudev -lboost_python -lboost_system -lpython2.7
Finished building target: game_vision
 
22:30:22 **** Incremental Build of configuration Debug for project game_vision ****
make all 
Building file: ../src/main.cpp
Invoking: GCC C++ Compiler
g++ -I/usr/include/python2.7 -I/usr/include/boost/ -O0 -g3 -Wall -c -fmessage-length=0 -MMD -MP -MF"src/main.d" -MT"src/main.o" -o "src/main.o" "../src/main.cpp"
../src/main.cpp: In function ‘int letter()’:
../src/main.cpp:118:33: warning: comparison between signed and unsigned integer expressions [-Wsign-compare]
    for (int i = 0; i<words.size(); i++)
                                 ^
Finished building: ../src/main.cpp
 
Building target: game_vision
Invoking: GCC C++ Linker
g++ -L/usr/local/lib -lX11 -o "game_vision"  ./src/SendDataToPython.o ./src/SeperateObjects.o ./src/featureextraction.o ./src/main.o ./src/yingyang.o   -lopencv_cudabgsegm -lopencv_cudaobjdetect -lopencv_cudastereo -lopencv_stitching -lopencv_cudafeatures2d -lopencv_superres -lopencv_cudacodec -lopencv_videostab -lopencv_cudaoptflow -lopencv_cudalegacy -lopencv_photo -lopencv_cudawarping -lopencv_cudaimgproc -lopencv_cudafilters -lopencv_aruco -lopencv_bgsegm -lopencv_bioinspired -lopencv_ccalib -lopencv_dpm -lopencv_face -lopencv_freetype -lopencv_fuzzy -lopencv_hdf -lopencv_line_descriptor -lopencv_optflow -lopencv_reg -lopencv_rgbd -lopencv_saliency -lopencv_stereo -lopencv_structured_light -lopencv_phase_unwrapping -lopencv_surface_matching -lopencv_tracking -lopencv_datasets -lopencv_text -lopencv_dnn -lopencv_plot -lopencv_ml -lopencv_xfeatures2d -lopencv_shape -lopencv_video -lopencv_cudaarithm -lopencv_ximgproc -lopencv_calib3d -lopencv_features2d -lopencv_highgui -lopencv_videoio -lopencv_flann -lopencv_xobjdetect -lopencv_imgcodecs -lopencv_objdetect -lopencv_xphoto -lopencv_imgproc -lopencv_core -lopencv_cudev -lboost_python -lboost_system -lpython2.7
Finished building target: game_vision
 
22:31:39 **** Incremental Build of configuration Debug for project game_vision ****
make all 
Building file: ../src/main.cpp
Invoking: GCC C++ Compiler
g++ -I/usr/include/python2.7 -I/usr/include/boost/ -O0 -g3 -Wall -c -fmessage-length=0 -MMD -MP -MF"src/main.d" -MT"src/main.o" -o "src/main.o" "../src/main.cpp"
../src/main.cpp: In function ‘int letter()’:
../src/main.cpp:118:33: warning: comparison between signed and unsigned integer expressions [-Wsign-compare]
    for (int i = 0; i<words.size(); i++)
                                 ^
Finished building: ../src/main.cpp
 
Building target: game_vision
Invoking: GCC C++ Linker
g++ -L/usr/local/lib -lX11 -o "game_vision"  ./src/SendDataToPython.o ./src/SeperateObjects.o ./src/featureextraction.o ./src/main.o ./src/yingyang.o   -lopencv_cudabgsegm -lopencv_cudaobjdetect -lopencv_cudastereo -lopencv_stitching -lopencv_cudafeatures2d -lopencv_superres -lopencv_cudacodec -lopencv_videostab -lopencv_cudaoptflow -lopencv_cudalegacy -lopencv_photo -lopencv_cudawarping -lopencv_cudaimgproc -lopencv_cudafilters -lopencv_aruco -lopencv_bgsegm -lopencv_bioinspired -lopencv_ccalib -lopencv_dpm -lopencv_face -lopencv_freetype -lopencv_fuzzy -lopencv_hdf -lopencv_line_descriptor -lopencv_optflow -lopencv_reg -lopencv_rgbd -lopencv_saliency -lopencv_stereo -lopencv_structured_light -lopencv_phase_unwrapping -lopencv_surface_matching -lopencv_tracking -lopencv_datasets -lopencv_text -lopencv_dnn -lopencv_plot -lopencv_ml -lopencv_xfeatures2d -lopencv_shape -lopencv_video -lopencv_cudaarithm -lopencv_ximgproc -lopencv_calib3d -lopencv_features2d -lopencv_highgui -lopencv_videoio -lopencv_flann -lopencv_xobjdetect -lopencv_imgcodecs -lopencv_objdetect -lopencv_xphoto -lopencv_imgproc -lopencv_core -lopencv_cudev -lboost_python -lboost_system -lpython2.7
Finished building target: game_vision
 
22:33:37 **** Incremental Build of configuration Debug for project game_vision ****
make all 
Building file: ../src/main.cpp
Invoking: GCC C++ Compiler
g++ -I/usr/include/python2.7 -I/usr/include/boost/ -O0 -g3 -Wall -c -fmessage-length=0 -MMD -MP -MF"src/main.d" -MT"src/main.o" -o "src/main.o" "../src/main.cpp"
../src/main.cpp: In function ‘int letter()’:
../src/main.cpp:119:33: warning: comparison between signed and unsigned integer expressions [-Wsign-compare]
    for (int i = 0; i<words.size(); i++)
                                 ^
Finished building: ../src/main.cpp
 
Building target: game_vision
Invoking: GCC C++ Linker
g++ -L/usr/local/lib -lX11 -o "game_vision"  ./src/SendDataToPython.o ./src/SeperateObjects.o ./src/featureextraction.o ./src/main.o ./src/yingyang.o   -lopencv_cudabgsegm -lopencv_cudaobjdetect -lopencv_cudastereo -lopencv_stitching -lopencv_cudafeatures2d -lopencv_superres -lopencv_cudacodec -lopencv_videostab -lopencv_cudaoptflow -lopencv_cudalegacy -lopencv_photo -lopencv_cudawarping -lopencv_cudaimgproc -lopencv_cudafilters -lopencv_aruco -lopencv_bgsegm -lopencv_bioinspired -lopencv_ccalib -lopencv_dpm -lopencv_face -lopencv_freetype -lopencv_fuzzy -lopencv_hdf -lopencv_line_descriptor -lopencv_optflow -lopencv_reg -lopencv_rgbd -lopencv_saliency -lopencv_stereo -lopencv_structured_light -lopencv_phase_unwrapping -lopencv_surface_matching -lopencv_tracking -lopencv_datasets -lopencv_text -lopencv_dnn -lopencv_plot -lopencv_ml -lopencv_xfeatures2d -lopencv_shape -lopencv_video -lopencv_cudaarithm -lopencv_ximgproc -lopencv_calib3d -lopencv_features2d -lopencv_highgui -lopencv_videoio -lopencv_flann -lopencv_xobjdetect -lopencv_imgcodecs -lopencv_objdetect -lopencv_xphoto -lopencv_imgproc -lopencv_core -lopencv_cudev -lboost_python -lboost_system -lpython2.7
Finished building target: game_vision
 
22:37:33 **** Incremental Build of configuration Debug for project game_vision ****
make all 
Building file: ../src/main.cpp
Invoking: GCC C++ Compiler
g++ -I/usr/include/python2.7 -I/usr/include/boost/ -O0 -g3 -Wall -c -fmessage-length=0 -MMD -MP -MF"src/main.d" -MT"src/main.o" -o "src/main.o" "../src/main.cpp"
../src/main.cpp: In function ‘int letter()’:
../src/main.cpp:119:33: warning: comparison between signed and unsigned integer expressions [-Wsign-compare]
    for (int i = 0; i<words.size(); i++)
                                 ^
Finished building: ../src/main.cpp
 
Building target: game_vision
Invoking: GCC C++ Linker
g++ -L/usr/local/lib -lX11 -o "game_vision"  ./src/SendDataToPython.o ./src/SeperateObjects.o ./src/featureextraction.o ./src/main.o ./src/yingyang.o   -lopencv_cudabgsegm -lopencv_cudaobjdetect -lopencv_cudastereo -lopencv_stitching -lopencv_cudafeatures2d -lopencv_superres -lopencv_cudacodec -lopencv_videostab -lopencv_cudaoptflow -lopencv_cudalegacy -lopencv_photo -lopencv_cudawarping -lopencv_cudaimgproc -lopencv_cudafilters -lopencv_aruco -lopencv_bgsegm -lopencv_bioinspired -lopencv_ccalib -lopencv_dpm -lopencv_face -lopencv_freetype -lopencv_fuzzy -lopencv_hdf -lopencv_line_descriptor -lopencv_optflow -lopencv_reg -lopencv_rgbd -lopencv_saliency -lopencv_stereo -lopencv_structured_light -lopencv_phase_unwrapping -lopencv_surface_matching -lopencv_tracking -lopencv_datasets -lopencv_text -lopencv_dnn -lopencv_plot -lopencv_ml -lopencv_xfeatures2d -lopencv_shape -lopencv_video -lopencv_cudaarithm -lopencv_ximgproc -lopencv_calib3d -lopencv_features2d -lopencv_highgui -lopencv_videoio -lopencv_flann -lopencv_xobjdetect -lopencv_imgcodecs -lopencv_objdetect -lopencv_xphoto -lopencv_imgproc -lopencv_core -lopencv_cudev -lboost_python -lboost_system -lpython2.7
Finished building target: game_vision
 
22:38:12 **** Incremental Build of configuration Debug for project game_vision ****
make all 
make: Nothing to be done for `all'.
22:38:46 **** Incremental Build of configuration Debug for project game_vision ****
make all 
make: Nothing to be done for `all'.
22:41:36 **** Incremental Build of configuration Debug for project game_vision ****
make all 
Building file: ../src/main.cpp
Invoking: GCC C++ Compiler
g++ -I/usr/include/python2.7 -I/usr/include/boost/ -O0 -g3 -Wall -c -fmessage-length=0 -MMD -MP -MF"src/main.d" -MT"src/main.o" -o "src/main.o" "../src/main.cpp"
../src/main.cpp: In function ‘int letter()’:
../src/main.cpp:119:33: warning: comparison between signed and unsigned integer expressions [-Wsign-compare]
    for (int i = 0; i<words.size(); i++)
                                 ^
Finished building: ../src/main.cpp
 
Building target: game_vision
Invoking: GCC C++ Linker
g++ -L/usr/local/lib -lX11 -o "game_vision"  ./src/SendDataToPython.o ./src/SeperateObjects.o ./src/featureextraction.o ./src/main.o ./src/yingyang.o   -lopencv_cudabgsegm -lopencv_cudaobjdetect -lopencv_cudastereo -lopencv_stitching -lopencv_cudafeatures2d -lopencv_superres -lopencv_cudacodec -lopencv_videostab -lopencv_cudaoptflow -lopencv_cudalegacy -lopencv_photo -lopencv_cudawarping -lopencv_cudaimgproc -lopencv_cudafilters -lopencv_aruco -lopencv_bgsegm -lopencv_bioinspired -lopencv_ccalib -lopencv_dpm -lopencv_face -lopencv_freetype -lopencv_fuzzy -lopencv_hdf -lopencv_line_descriptor -lopencv_optflow -lopencv_reg -lopencv_rgbd -lopencv_saliency -lopencv_stereo -lopencv_structured_light -lopencv_phase_unwrapping -lopencv_surface_matching -lopencv_tracking -lopencv_datasets -lopencv_text -lopencv_dnn -lopencv_plot -lopencv_ml -lopencv_xfeatures2d -lopencv_shape -lopencv_video -lopencv_cudaarithm -lopencv_ximgproc -lopencv_calib3d -lopencv_features2d -lopencv_highgui -lopencv_videoio -lopencv_flann -lopencv_xobjdetect -lopencv_imgcodecs -lopencv_objdetect -lopencv_xphoto -lopencv_imgproc -lopencv_core -lopencv_cudev -lboost_python -lboost_system -lpython2.7
Finished building target: game_vision
 
22:44:17 **** Incremental Build of configuration Debug for project game_vision ****
make all 
Building file: ../src/main.cpp
Invoking: GCC C++ Compiler
g++ -I/usr/include/python2.7 -I/usr/include/boost/ -O0 -g3 -Wall -c -fmessage-length=0 -MMD -MP -MF"src/main.d" -MT"src/main.o" -o "src/main.o" "../src/main.cpp"
../src/main.cpp: In function ‘int letter()’:
../src/main.cpp:119:33: warning: comparison between signed and unsigned integer expressions [-Wsign-compare]
    for (int i = 0; i<words.size(); i++)
                                 ^
Finished building: ../src/main.cpp
 
Building target: game_vision
Invoking: GCC C++ Linker
g++ -L/usr/local/lib -lX11 -o "game_vision"  ./src/SendDataToPython.o ./src/SeperateObjects.o ./src/featureextraction.o ./src/main.o ./src/yingyang.o   -lopencv_cudabgsegm -lopencv_cudaobjdetect -lopencv_cudastereo -lopencv_stitching -lopencv_cudafeatures2d -lopencv_superres -lopencv_cudacodec -lopencv_videostab -lopencv_cudaoptflow -lopencv_cudalegacy -lopencv_photo -lopencv_cudawarping -lopencv_cudaimgproc -lopencv_cudafilters -lopencv_aruco -lopencv_bgsegm -lopencv_bioinspired -lopencv_ccalib -lopencv_dpm -lopencv_face -lopencv_freetype -lopencv_fuzzy -lopencv_hdf -lopencv_line_descriptor -lopencv_optflow -lopencv_reg -lopencv_rgbd -lopencv_saliency -lopencv_stereo -lopencv_structured_light -lopencv_phase_unwrapping -lopencv_surface_matching -lopencv_tracking -lopencv_datasets -lopencv_text -lopencv_dnn -lopencv_plot -lopencv_ml -lopencv_xfeatures2d -lopencv_shape -lopencv_video -lopencv_cudaarithm -lopencv_ximgproc -lopencv_calib3d -lopencv_features2d -lopencv_highgui -lopencv_videoio -lopencv_flann -lopencv_xobjdetect -lopencv_imgcodecs -lopencv_objdetect -lopencv_xphoto -lopencv_imgproc -lopencv_core -lopencv_cudev -lboost_python -lboost_system -lpython2.7
Finished building target: game_vision
 
22:50:41 **** Incremental Build of configuration Debug for project game_vision ****
make all 
Building file: ../src/main.cpp
Invoking: GCC C++ Compiler
g++ -I/usr/include/python2.7 -I/usr/include/boost/ -O0 -g3 -Wall -c -fmessage-length=0 -MMD -MP -MF"src/main.d" -MT"src/main.o" -o "src/main.o" "../src/main.cpp"
../src/main.cpp: In function ‘int letter()’:
../src/main.cpp:119:33: warning: comparison between signed and unsigned integer expressions [-Wsign-compare]
    for (int i = 0; i<words.size(); i++)
                                 ^
Finished building: ../src/main.cpp
 
Building target: game_vision
Invoking: GCC C++ Linker
g++ -L/usr/local/lib -lX11 -o "game_vision"  ./src/SendDataToPython.o ./src/SeperateObjects.o ./src/featureextraction.o ./src/main.o ./src/yingyang.o   -lopencv_cudabgsegm -lopencv_cudaobjdetect -lopencv_cudastereo -lopencv_stitching -lopencv_cudafeatures2d -lopencv_superres -lopencv_cudacodec -lopencv_videostab -lopencv_cudaoptflow -lopencv_cudalegacy -lopencv_photo -lopencv_cudawarping -lopencv_cudaimgproc -lopencv_cudafilters -lopencv_aruco -lopencv_bgsegm -lopencv_bioinspired -lopencv_ccalib -lopencv_dpm -lopencv_face -lopencv_freetype -lopencv_fuzzy -lopencv_hdf -lopencv_line_descriptor -lopencv_optflow -lopencv_reg -lopencv_rgbd -lopencv_saliency -lopencv_stereo -lopencv_structured_light -lopencv_phase_unwrapping -lopencv_surface_matching -lopencv_tracking -lopencv_datasets -lopencv_text -lopencv_dnn -lopencv_plot -lopencv_ml -lopencv_xfeatures2d -lopencv_shape -lopencv_video -lopencv_cudaarithm -lopencv_ximgproc -lopencv_calib3d -lopencv_features2d -lopencv_highgui -lopencv_videoio -lopencv_flann -lopencv_xobjdetect -lopencv_imgcodecs -lopencv_objdetect -lopencv_xphoto -lopencv_imgproc -lopencv_core -lopencv_cudev -lboost_python -lboost_system -lpython2.7
Finished building target: game_vision
 
22:51:32 **** Incremental Build of configuration Debug for project game_vision ****
make all 
Building file: ../src/main.cpp
Invoking: GCC C++ Compiler
g++ -I/usr/include/python2.7 -I/usr/include/boost/ -O0 -g3 -Wall -c -fmessage-length=0 -MMD -MP -MF"src/main.d" -MT"src/main.o" -o "src/main.o" "../src/main.cpp"
../src/main.cpp: In function ‘int letter()’:
../src/main.cpp:119:33: warning: comparison between signed and unsigned integer expressions [-Wsign-compare]
    for (int i = 0; i<words.size(); i++)
                                 ^
Finished building: ../src/main.cpp
 
Building target: game_vision
Invoking: GCC C++ Linker
g++ -L/usr/local/lib -lX11 -o "game_vision"  ./src/SendDataToPython.o ./src/SeperateObjects.o ./src/featureextraction.o ./src/main.o ./src/yingyang.o   -lopencv_cudabgsegm -lopencv_cudaobjdetect -lopencv_cudastereo -lopencv_stitching -lopencv_cudafeatures2d -lopencv_superres -lopencv_cudacodec -lopencv_videostab -lopencv_cudaoptflow -lopencv_cudalegacy -lopencv_photo -lopencv_cudawarping -lopencv_cudaimgproc -lopencv_cudafilters -lopencv_aruco -lopencv_bgsegm -lopencv_bioinspired -lopencv_ccalib -lopencv_dpm -lopencv_face -lopencv_freetype -lopencv_fuzzy -lopencv_hdf -lopencv_line_descriptor -lopencv_optflow -lopencv_reg -lopencv_rgbd -lopencv_saliency -lopencv_stereo -lopencv_structured_light -lopencv_phase_unwrapping -lopencv_surface_matching -lopencv_tracking -lopencv_datasets -lopencv_text -lopencv_dnn -lopencv_plot -lopencv_ml -lopencv_xfeatures2d -lopencv_shape -lopencv_video -lopencv_cudaarithm -lopencv_ximgproc -lopencv_calib3d -lopencv_features2d -lopencv_highgui -lopencv_videoio -lopencv_flann -lopencv_xobjdetect -lopencv_imgcodecs -lopencv_objdetect -lopencv_xphoto -lopencv_imgproc -lopencv_core -lopencv_cudev -lboost_python -lboost_system -lpython2.7
Finished building target: game_vision
 
22:52:51 **** Incremental Build of configuration Debug for project game_vision ****
make all 
Building file: ../src/main.cpp
Invoking: GCC C++ Compiler
g++ -I/usr/include/python2.7 -I/usr/include/boost/ -O0 -g3 -Wall -c -fmessage-length=0 -MMD -MP -MF"src/main.d" -MT"src/main.o" -o "src/main.o" "../src/main.cpp"
../src/main.cpp: In function ‘int letter()’:
../src/main.cpp:119:33: warning: comparison between signed and unsigned integer expressions [-Wsign-compare]
    for (int i = 0; i<words.size(); i++)
                                 ^
Finished building: ../src/main.cpp
 
Building target: game_vision
Invoking: GCC C++ Linker
g++ -L/usr/local/lib -lX11 -o "game_vision"  ./src/SendDataToPython.o ./src/SeperateObjects.o ./src/featureextraction.o ./src/main.o ./src/yingyang.o   -lopencv_cudabgsegm -lopencv_cudaobjdetect -lopencv_cudastereo -lopencv_stitching -lopencv_cudafeatures2d -lopencv_superres -lopencv_cudacodec -lopencv_videostab -lopencv_cudaoptflow -lopencv_cudalegacy -lopencv_photo -lopencv_cudawarping -lopencv_cudaimgproc -lopencv_cudafilters -lopencv_aruco -lopencv_bgsegm -lopencv_bioinspired -lopencv_ccalib -lopencv_dpm -lopencv_face -lopencv_freetype -lopencv_fuzzy -lopencv_hdf -lopencv_line_descriptor -lopencv_optflow -lopencv_reg -lopencv_rgbd -lopencv_saliency -lopencv_stereo -lopencv_structured_light -lopencv_phase_unwrapping -lopencv_surface_matching -lopencv_tracking -lopencv_datasets -lopencv_text -lopencv_dnn -lopencv_plot -lopencv_ml -lopencv_xfeatures2d -lopencv_shape -lopencv_video -lopencv_cudaarithm -lopencv_ximgproc -lopencv_calib3d -lopencv_features2d -lopencv_highgui -lopencv_videoio -lopencv_flann -lopencv_xobjdetect -lopencv_imgcodecs -lopencv_objdetect -lopencv_xphoto -lopencv_imgproc -lopencv_core -lopencv_cudev -lboost_python -lboost_system -lpython2.7
Finished building target: game_vision
 
22:55:35 **** Incremental Build of configuration Debug for project game_vision ****
make all 
Building file: ../src/main.cpp
Invoking: GCC C++ Compiler
g++ -I/usr/include/python2.7 -I/usr/include/boost/ -O0 -g3 -Wall -c -fmessage-length=0 -MMD -MP -MF"src/main.d" -MT"src/main.o" -o "src/main.o" "../src/main.cpp"
../src/main.cpp: In function ‘int letter()’:
../src/main.cpp:119:33: warning: comparison between signed and unsigned integer expressions [-Wsign-compare]
    for (int i = 0; i<words.size(); i++)
                                 ^
Finished building: ../src/main.cpp
 
Building target: game_vision
Invoking: GCC C++ Linker
g++ -L/usr/local/lib -lX11 -o "game_vision"  ./src/SendDataToPython.o ./src/SeperateObjects.o ./src/featureextraction.o ./src/main.o ./src/yingyang.o   -lopencv_cudabgsegm -lopencv_cudaobjdetect -lopencv_cudastereo -lopencv_stitching -lopencv_cudafeatures2d -lopencv_superres -lopencv_cudacodec -lopencv_videostab -lopencv_cudaoptflow -lopencv_cudalegacy -lopencv_photo -lopencv_cudawarping -lopencv_cudaimgproc -lopencv_cudafilters -lopencv_aruco -lopencv_bgsegm -lopencv_bioinspired -lopencv_ccalib -lopencv_dpm -lopencv_face -lopencv_freetype -lopencv_fuzzy -lopencv_hdf -lopencv_line_descriptor -lopencv_optflow -lopencv_reg -lopencv_rgbd -lopencv_saliency -lopencv_stereo -lopencv_structured_light -lopencv_phase_unwrapping -lopencv_surface_matching -lopencv_tracking -lopencv_datasets -lopencv_text -lopencv_dnn -lopencv_plot -lopencv_ml -lopencv_xfeatures2d -lopencv_shape -lopencv_video -lopencv_cudaarithm -lopencv_ximgproc -lopencv_calib3d -lopencv_features2d -lopencv_highgui -lopencv_videoio -lopencv_flann -lopencv_xobjdetect -lopencv_imgcodecs -lopencv_objdetect -lopencv_xphoto -lopencv_imgproc -lopencv_core -lopencv_cudev -lboost_python -lboost_system -lpython2.7
Finished building target: game_vision
 
22:56:26 **** Incremental Build of configuration Debug for project game_vision ****
make all 
Building file: ../src/main.cpp
Invoking: GCC C++ Compiler
g++ -I/usr/include/python2.7 -I/usr/include/boost/ -O0 -g3 -Wall -c -fmessage-length=0 -MMD -MP -MF"src/main.d" -MT"src/main.o" -o "src/main.o" "../src/main.cpp"
../src/main.cpp: In function ‘int letter()’:
../src/main.cpp:119:33: warning: comparison between signed and unsigned integer expressions [-Wsign-compare]
    for (int i = 0; i<words.size(); i++)
                                 ^
Finished building: ../src/main.cpp
 
Building target: game_vision
Invoking: GCC C++ Linker
g++ -L/usr/local/lib -lX11 -o "game_vision"  ./src/SendDataToPython.o ./src/SeperateObjects.o ./src/featureextraction.o ./src/main.o ./src/yingyang.o   -lopencv_cudabgsegm -lopencv_cudaobjdetect -lopencv_cudastereo -lopencv_stitching -lopencv_cudafeatures2d -lopencv_superres -lopencv_cudacodec -lopencv_videostab -lopencv_cudaoptflow -lopencv_cudalegacy -lopencv_photo -lopencv_cudawarping -lopencv_cudaimgproc -lopencv_cudafilters -lopencv_aruco -lopencv_bgsegm -lopencv_bioinspired -lopencv_ccalib -lopencv_dpm -lopencv_face -lopencv_freetype -lopencv_fuzzy -lopencv_hdf -lopencv_line_descriptor -lopencv_optflow -lopencv_reg -lopencv_rgbd -lopencv_saliency -lopencv_stereo -lopencv_structured_light -lopencv_phase_unwrapping -lopencv_surface_matching -lopencv_tracking -lopencv_datasets -lopencv_text -lopencv_dnn -lopencv_plot -lopencv_ml -lopencv_xfeatures2d -lopencv_shape -lopencv_video -lopencv_cudaarithm -lopencv_ximgproc -lopencv_calib3d -lopencv_features2d -lopencv_highgui -lopencv_videoio -lopencv_flann -lopencv_xobjdetect -lopencv_imgcodecs -lopencv_objdetect -lopencv_xphoto -lopencv_imgproc -lopencv_core -lopencv_cudev -lboost_python -lboost_system -lpython2.7
Finished building target: game_vision
 
22:57:51 **** Incremental Build of configuration Debug for project game_vision ****
make all 
Building file: ../src/main.cpp
Invoking: GCC C++ Compiler
g++ -I/usr/include/python2.7 -I/usr/include/boost/ -O0 -g3 -Wall -c -fmessage-length=0 -MMD -MP -MF"src/main.d" -MT"src/main.o" -o "src/main.o" "../src/main.cpp"
../src/main.cpp: In function ‘int letter()’:
../src/main.cpp:119:33: warning: comparison between signed and unsigned integer expressions [-Wsign-compare]
    for (int i = 0; i<words.size(); i++)
                                 ^
Finished building: ../src/main.cpp
 
Building target: game_vision
Invoking: GCC C++ Linker
g++ -L/usr/local/lib -lX11 -o "game_vision"  ./src/SendDataToPython.o ./src/SeperateObjects.o ./src/featureextraction.o ./src/main.o ./src/yingyang.o   -lopencv_cudabgsegm -lopencv_cudaobjdetect -lopencv_cudastereo -lopencv_stitching -lopencv_cudafeatures2d -lopencv_superres -lopencv_cudacodec -lopencv_videostab -lopencv_cudaoptflow -lopencv_cudalegacy -lopencv_photo -lopencv_cudawarping -lopencv_cudaimgproc -lopencv_cudafilters -lopencv_aruco -lopencv_bgsegm -lopencv_bioinspired -lopencv_ccalib -lopencv_dpm -lopencv_face -lopencv_freetype -lopencv_fuzzy -lopencv_hdf -lopencv_line_descriptor -lopencv_optflow -lopencv_reg -lopencv_rgbd -lopencv_saliency -lopencv_stereo -lopencv_structured_light -lopencv_phase_unwrapping -lopencv_surface_matching -lopencv_tracking -lopencv_datasets -lopencv_text -lopencv_dnn -lopencv_plot -lopencv_ml -lopencv_xfeatures2d -lopencv_shape -lopencv_video -lopencv_cudaarithm -lopencv_ximgproc -lopencv_calib3d -lopencv_features2d -lopencv_highgui -lopencv_videoio -lopencv_flann -lopencv_xobjdetect -lopencv_imgcodecs -lopencv_objdetect -lopencv_xphoto -lopencv_imgproc -lopencv_core -lopencv_cudev -lboost_python -lboost_system -lpython2.7
Finished building target: game_vision
 
22:58:43 **** Incremental Build of configuration Debug for project game_vision ****
make all 
Building file: ../src/main.cpp
Invoking: GCC C++ Compiler
g++ -I/usr/include/python2.7 -I/usr/include/boost/ -O0 -g3 -Wall -c -fmessage-length=0 -MMD -MP -MF"src/main.d" -MT"src/main.o" -o "src/main.o" "../src/main.cpp"
../src/main.cpp: In function ‘int letter()’:
../src/main.cpp:119:33: warning: comparison between signed and unsigned integer expressions [-Wsign-compare]
    for (int i = 0; i<words.size(); i++)
                                 ^
Finished building: ../src/main.cpp
 
Building target: game_vision
Invoking: GCC C++ Linker
g++ -L/usr/local/lib -lX11 -o "game_vision"  ./src/SendDataToPython.o ./src/SeperateObjects.o ./src/featureextraction.o ./src/main.o ./src/yingyang.o   -lopencv_cudabgsegm -lopencv_cudaobjdetect -lopencv_cudastereo -lopencv_stitching -lopencv_cudafeatures2d -lopencv_superres -lopencv_cudacodec -lopencv_videostab -lopencv_cudaoptflow -lopencv_cudalegacy -lopencv_photo -lopencv_cudawarping -lopencv_cudaimgproc -lopencv_cudafilters -lopencv_aruco -lopencv_bgsegm -lopencv_bioinspired -lopencv_ccalib -lopencv_dpm -lopencv_face -lopencv_freetype -lopencv_fuzzy -lopencv_hdf -lopencv_line_descriptor -lopencv_optflow -lopencv_reg -lopencv_rgbd -lopencv_saliency -lopencv_stereo -lopencv_structured_light -lopencv_phase_unwrapping -lopencv_surface_matching -lopencv_tracking -lopencv_datasets -lopencv_text -lopencv_dnn -lopencv_plot -lopencv_ml -lopencv_xfeatures2d -lopencv_shape -lopencv_video -lopencv_cudaarithm -lopencv_ximgproc -lopencv_calib3d -lopencv_features2d -lopencv_highgui -lopencv_videoio -lopencv_flann -lopencv_xobjdetect -lopencv_imgcodecs -lopencv_objdetect -lopencv_xphoto -lopencv_imgproc -lopencv_core -lopencv_cudev -lboost_python -lboost_system -lpython2.7
Finished building target: game_vision
 
23:01:09 **** Incremental Build of configuration Debug for project game_vision ****
make all 
Building file: ../src/main.cpp
Invoking: GCC C++ Compiler
g++ -I/usr/include/python2.7 -I/usr/include/boost/ -O0 -g3 -Wall -c -fmessage-length=0 -MMD -MP -MF"src/main.d" -MT"src/main.o" -o "src/main.o" "../src/main.cpp"
../src/main.cpp: In function ‘int letter()’:
../src/main.cpp:119:33: warning: comparison between signed and unsigned integer expressions [-Wsign-compare]
    for (int i = 0; i<words.size(); i++)
                                 ^
Finished building: ../src/main.cpp
 
Building target: game_vision
Invoking: GCC C++ Linker
g++ -L/usr/local/lib -lX11 -o "game_vision"  ./src/SendDataToPython.o ./src/SeperateObjects.o ./src/featureextraction.o ./src/main.o ./src/yingyang.o   -lopencv_cudabgsegm -lopencv_cudaobjdetect -lopencv_cudastereo -lopencv_stitching -lopencv_cudafeatures2d -lopencv_superres -lopencv_cudacodec -lopencv_videostab -lopencv_cudaoptflow -lopencv_cudalegacy -lopencv_photo -lopencv_cudawarping -lopencv_cudaimgproc -lopencv_cudafilters -lopencv_aruco -lopencv_bgsegm -lopencv_bioinspired -lopencv_ccalib -lopencv_dpm -lopencv_face -lopencv_freetype -lopencv_fuzzy -lopencv_hdf -lopencv_line_descriptor -lopencv_optflow -lopencv_reg -lopencv_rgbd -lopencv_saliency -lopencv_stereo -lopencv_structured_light -lopencv_phase_unwrapping -lopencv_surface_matching -lopencv_tracking -lopencv_datasets -lopencv_text -lopencv_dnn -lopencv_plot -lopencv_ml -lopencv_xfeatures2d -lopencv_shape -lopencv_video -lopencv_cudaarithm -lopencv_ximgproc -lopencv_calib3d -lopencv_features2d -lopencv_highgui -lopencv_videoio -lopencv_flann -lopencv_xobjdetect -lopencv_imgcodecs -lopencv_objdetect -lopencv_xphoto -lopencv_imgproc -lopencv_core -lopencv_cudev -lboost_python -lboost_system -lpython2.7
Finished building target: game_vision
 
23:02:25 **** Incremental Build of configuration Debug for project game_vision ****
make all 
Building file: ../src/main.cpp
Invoking: GCC C++ Compiler
g++ -I/usr/include/python2.7 -I/usr/include/boost/ -O0 -g3 -Wall -c -fmessage-length=0 -MMD -MP -MF"src/main.d" -MT"src/main.o" -o "src/main.o" "../src/main.cpp"
../src/main.cpp: In function ‘int letter()’:
../src/main.cpp:119:33: warning: comparison between signed and unsigned integer expressions [-Wsign-compare]
    for (int i = 0; i<words.size(); i++)
                                 ^
Finished building: ../src/main.cpp
 
Building target: game_vision
Invoking: GCC C++ Linker
g++ -L/usr/local/lib -lX11 -o "game_vision"  ./src/SendDataToPython.o ./src/SeperateObjects.o ./src/featureextraction.o ./src/main.o ./src/yingyang.o   -lopencv_cudabgsegm -lopencv_cudaobjdetect -lopencv_cudastereo -lopencv_stitching -lopencv_cudafeatures2d -lopencv_superres -lopencv_cudacodec -lopencv_videostab -lopencv_cudaoptflow -lopencv_cudalegacy -lopencv_photo -lopencv_cudawarping -lopencv_cudaimgproc -lopencv_cudafilters -lopencv_aruco -lopencv_bgsegm -lopencv_bioinspired -lopencv_ccalib -lopencv_dpm -lopencv_face -lopencv_freetype -lopencv_fuzzy -lopencv_hdf -lopencv_line_descriptor -lopencv_optflow -lopencv_reg -lopencv_rgbd -lopencv_saliency -lopencv_stereo -lopencv_structured_light -lopencv_phase_unwrapping -lopencv_surface_matching -lopencv_tracking -lopencv_datasets -lopencv_text -lopencv_dnn -lopencv_plot -lopencv_ml -lopencv_xfeatures2d -lopencv_shape -lopencv_video -lopencv_cudaarithm -lopencv_ximgproc -lopencv_calib3d -lopencv_features2d -lopencv_highgui -lopencv_videoio -lopencv_flann -lopencv_xobjdetect -lopencv_imgcodecs -lopencv_objdetect -lopencv_xphoto -lopencv_imgproc -lopencv_core -lopencv_cudev -lboost_python -lboost_system -lpython2.7
Finished building target: game_vision
 
23:08:11 **** Incremental Build of configuration Debug for project game_vision ****
make all 
Building file: ../src/main.cpp
Invoking: GCC C++ Compiler
g++ -I/usr/include/python2.7 -I/usr/include/boost/ -O0 -g3 -Wall -c -fmessage-length=0 -MMD -MP -MF"src/main.d" -MT"src/main.o" -o "src/main.o" "../src/main.cpp"
../src/main.cpp: In function ‘int letter()’:
../src/main.cpp:120:33: warning: comparison between signed and unsigned integer expressions [-Wsign-compare]
    for (int i = 0; i<words.size(); i++)
                                 ^
Finished building: ../src/main.cpp
 
Building target: game_vision
Invoking: GCC C++ Linker
g++ -L/usr/local/lib -lX11 -o "game_vision"  ./src/SendDataToPython.o ./src/SeperateObjects.o ./src/featureextraction.o ./src/main.o ./src/yingyang.o   -lopencv_cudabgsegm -lopencv_cudaobjdetect -lopencv_cudastereo -lopencv_stitching -lopencv_cudafeatures2d -lopencv_superres -lopencv_cudacodec -lopencv_videostab -lopencv_cudaoptflow -lopencv_cudalegacy -lopencv_photo -lopencv_cudawarping -lopencv_cudaimgproc -lopencv_cudafilters -lopencv_aruco -lopencv_bgsegm -lopencv_bioinspired -lopencv_ccalib -lopencv_dpm -lopencv_face -lopencv_freetype -lopencv_fuzzy -lopencv_hdf -lopencv_line_descriptor -lopencv_optflow -lopencv_reg -lopencv_rgbd -lopencv_saliency -lopencv_stereo -lopencv_structured_light -lopencv_phase_unwrapping -lopencv_surface_matching -lopencv_tracking -lopencv_datasets -lopencv_text -lopencv_dnn -lopencv_plot -lopencv_ml -lopencv_xfeatures2d -lopencv_shape -lopencv_video -lopencv_cudaarithm -lopencv_ximgproc -lopencv_calib3d -lopencv_features2d -lopencv_highgui -lopencv_videoio -lopencv_flann -lopencv_xobjdetect -lopencv_imgcodecs -lopencv_objdetect -lopencv_xphoto -lopencv_imgproc -lopencv_core -lopencv_cudev -lboost_python -lboost_system -lpython2.7
Finished building target: game_vision
 
23:53:02 **** Incremental Build of configuration Debug for project game_vision ****
make all 
Building file: ../src/main.cpp
Invoking: GCC C++ Compiler
g++ -I/usr/include/python2.7 -I/usr/include/boost/ -O0 -g3 -Wall -c -fmessage-length=0 -MMD -MP -MF"src/main.d" -MT"src/main.o" -o "src/main.o" "../src/main.cpp"
../src/main.cpp: In function ‘int letter()’:
../src/main.cpp:121:33: warning: comparison between signed and unsigned integer expressions [-Wsign-compare]
    for (int i = 0; i<words.size(); i++)
                                 ^
Finished building: ../src/main.cpp
 
Building target: game_vision
Invoking: GCC C++ Linker
g++ -L/usr/local/lib -lX11 -o "game_vision"  ./src/SendDataToPython.o ./src/SeperateObjects.o ./src/featureextraction.o ./src/main.o ./src/yingyang.o   -lopencv_cudabgsegm -lopencv_cudaobjdetect -lopencv_cudastereo -lopencv_stitching -lopencv_cudafeatures2d -lopencv_superres -lopencv_cudacodec -lopencv_videostab -lopencv_cudaoptflow -lopencv_cudalegacy -lopencv_photo -lopencv_cudawarping -lopencv_cudaimgproc -lopencv_cudafilters -lopencv_aruco -lopencv_bgsegm -lopencv_bioinspired -lopencv_ccalib -lopencv_dpm -lopencv_face -lopencv_freetype -lopencv_fuzzy -lopencv_hdf -lopencv_line_descriptor -lopencv_optflow -lopencv_reg -lopencv_rgbd -lopencv_saliency -lopencv_stereo -lopencv_structured_light -lopencv_phase_unwrapping -lopencv_surface_matching -lopencv_tracking -lopencv_datasets -lopencv_text -lopencv_dnn -lopencv_plot -lopencv_ml -lopencv_xfeatures2d -lopencv_shape -lopencv_video -lopencv_cudaarithm -lopencv_ximgproc -lopencv_calib3d -lopencv_features2d -lopencv_highgui -lopencv_videoio -lopencv_flann -lopencv_xobjdetect -lopencv_imgcodecs -lopencv_objdetect -lopencv_xphoto -lopencv_imgproc -lopencv_core -lopencv_cudev -lboost_python -lboost_system -lpython2.7
Finished building target: game_vision
 
23:54:50 **** Incremental Build of configuration Debug for project game_vision ****
make all 
Building file: ../src/main.cpp
Invoking: GCC C++ Compiler
g++ -I/usr/include/python2.7 -I/usr/include/boost/ -O0 -g3 -Wall -c -fmessage-length=0 -MMD -MP -MF"src/main.d" -MT"src/main.o" -o "src/main.o" "../src/main.cpp"
../src/main.cpp: In function ‘int letter()’:
../src/main.cpp:121:33: warning: comparison between signed and unsigned integer expressions [-Wsign-compare]
    for (int i = 0; i<words.size(); i++)
                                 ^
Finished building: ../src/main.cpp
 
Building target: game_vision
Invoking: GCC C++ Linker
g++ -L/usr/local/lib -lX11 -o "game_vision"  ./src/SendDataToPython.o ./src/SeperateObjects.o ./src/featureextraction.o ./src/main.o ./src/yingyang.o   -lopencv_cudabgsegm -lopencv_cudaobjdetect -lopencv_cudastereo -lopencv_stitching -lopencv_cudafeatures2d -lopencv_superres -lopencv_cudacodec -lopencv_videostab -lopencv_cudaoptflow -lopencv_cudalegacy -lopencv_photo -lopencv_cudawarping -lopencv_cudaimgproc -lopencv_cudafilters -lopencv_aruco -lopencv_bgsegm -lopencv_bioinspired -lopencv_ccalib -lopencv_dpm -lopencv_face -lopencv_freetype -lopencv_fuzzy -lopencv_hdf -lopencv_line_descriptor -lopencv_optflow -lopencv_reg -lopencv_rgbd -lopencv_saliency -lopencv_stereo -lopencv_structured_light -lopencv_phase_unwrapping -lopencv_surface_matching -lopencv_tracking -lopencv_datasets -lopencv_text -lopencv_dnn -lopencv_plot -lopencv_ml -lopencv_xfeatures2d -lopencv_shape -lopencv_video -lopencv_cudaarithm -lopencv_ximgproc -lopencv_calib3d -lopencv_features2d -lopencv_highgui -lopencv_videoio -lopencv_flann -lopencv_xobjdetect -lopencv_imgcodecs -lopencv_objdetect -lopencv_xphoto -lopencv_imgproc -lopencv_core -lopencv_cudev -lboost_python -lboost_system -lpython2.7
Finished building target: game_vision
 
23:55:06 **** Incremental Build of configuration Debug for project game_vision ****
make all 
make: Nothing to be done for `all'.
23:56:04 **** Incremental Build of configuration Debug for project game_vision ****
make all 
Building file: ../src/main.cpp
Invoking: GCC C++ Compiler
g++ -I/usr/include/python2.7 -I/usr/include/boost/ -O0 -g3 -Wall -c -fmessage-length=0 -MMD -MP -MF"src/main.d" -MT"src/main.o" -o "src/main.o" "../src/main.cpp"
../src/main.cpp: In function ‘int letter()’:
../src/main.cpp:121:33: warning: comparison between signed and unsigned integer expressions [-Wsign-compare]
    for (int i = 0; i<words.size(); i++)
                                 ^
Finished building: ../src/main.cpp
 
Building target: game_vision
Invoking: GCC C++ Linker
g++ -L/usr/local/lib -lX11 -o "game_vision"  ./src/SendDataToPython.o ./src/SeperateObjects.o ./src/featureextraction.o ./src/main.o ./src/yingyang.o   -lopencv_cudabgsegm -lopencv_cudaobjdetect -lopencv_cudastereo -lopencv_stitching -lopencv_cudafeatures2d -lopencv_superres -lopencv_cudacodec -lopencv_videostab -lopencv_cudaoptflow -lopencv_cudalegacy -lopencv_photo -lopencv_cudawarping -lopencv_cudaimgproc -lopencv_cudafilters -lopencv_aruco -lopencv_bgsegm -lopencv_bioinspired -lopencv_ccalib -lopencv_dpm -lopencv_face -lopencv_freetype -lopencv_fuzzy -lopencv_hdf -lopencv_line_descriptor -lopencv_optflow -lopencv_reg -lopencv_rgbd -lopencv_saliency -lopencv_stereo -lopencv_structured_light -lopencv_phase_unwrapping -lopencv_surface_matching -lopencv_tracking -lopencv_datasets -lopencv_text -lopencv_dnn -lopencv_plot -lopencv_ml -lopencv_xfeatures2d -lopencv_shape -lopencv_video -lopencv_cudaarithm -lopencv_ximgproc -lopencv_calib3d -lopencv_features2d -lopencv_highgui -lopencv_videoio -lopencv_flann -lopencv_xobjdetect -lopencv_imgcodecs -lopencv_objdetect -lopencv_xphoto -lopencv_imgproc -lopencv_core -lopencv_cudev -lboost_python -lboost_system -lpython2.7
Finished building target: game_vision
 
23:58:12 **** Incremental Build of configuration Debug for project game_vision ****
make all 
Building file: ../src/main.cpp
Invoking: GCC C++ Compiler
g++ -I/usr/include/python2.7 -I/usr/include/boost/ -O0 -g3 -Wall -c -fmessage-length=0 -MMD -MP -MF"src/main.d" -MT"src/main.o" -o "src/main.o" "../src/main.cpp"
../src/main.cpp: In function ‘int letter()’:
../src/main.cpp:121:33: warning: comparison between signed and unsigned integer expressions [-Wsign-compare]
    for (int i = 0; i<words.size(); i++)
                                 ^
Finished building: ../src/main.cpp
 
Building target: game_vision
Invoking: GCC C++ Linker
g++ -L/usr/local/lib -lX11 -o "game_vision"  ./src/SendDataToPython.o ./src/SeperateObjects.o ./src/featureextraction.o ./src/main.o ./src/yingyang.o   -lopencv_cudabgsegm -lopencv_cudaobjdetect -lopencv_cudastereo -lopencv_stitching -lopencv_cudafeatures2d -lopencv_superres -lopencv_cudacodec -lopencv_videostab -lopencv_cudaoptflow -lopencv_cudalegacy -lopencv_photo -lopencv_cudawarping -lopencv_cudaimgproc -lopencv_cudafilters -lopencv_aruco -lopencv_bgsegm -lopencv_bioinspired -lopencv_ccalib -lopencv_dpm -lopencv_face -lopencv_freetype -lopencv_fuzzy -lopencv_hdf -lopencv_line_descriptor -lopencv_optflow -lopencv_reg -lopencv_rgbd -lopencv_saliency -lopencv_stereo -lopencv_structured_light -lopencv_phase_unwrapping -lopencv_surface_matching -lopencv_tracking -lopencv_datasets -lopencv_text -lopencv_dnn -lopencv_plot -lopencv_ml -lopencv_xfeatures2d -lopencv_shape -lopencv_video -lopencv_cudaarithm -lopencv_ximgproc -lopencv_calib3d -lopencv_features2d -lopencv_highgui -lopencv_videoio -lopencv_flann -lopencv_xobjdetect -lopencv_imgcodecs -lopencv_objdetect -lopencv_xphoto -lopencv_imgproc -lopencv_core -lopencv_cudev -lboost_python -lboost_system -lpython2.7
Finished building target: game_vision
 
23:59:27 **** Incremental Build of configuration Debug for project game_vision ****
make all 
Building file: ../src/main.cpp
Invoking: GCC C++ Compiler
g++ -I/usr/include/python2.7 -I/usr/include/boost/ -O0 -g3 -Wall -c -fmessage-length=0 -MMD -MP -MF"src/main.d" -MT"src/main.o" -o "src/main.o" "../src/main.cpp"
../src/main.cpp: In function ‘int letter()’:
../src/main.cpp:121:33: warning: comparison between signed and unsigned integer expressions [-Wsign-compare]
    for (int i = 0; i<words.size(); i++)
                                 ^
Finished building: ../src/main.cpp
 
Building target: game_vision
Invoking: GCC C++ Linker
g++ -L/usr/local/lib -lX11 -o "game_vision"  ./src/SendDataToPython.o ./src/SeperateObjects.o ./src/featureextraction.o ./src/main.o ./src/yingyang.o   -lopencv_cudabgsegm -lopencv_cudaobjdetect -lopencv_cudastereo -lopencv_stitching -lopencv_cudafeatures2d -lopencv_superres -lopencv_cudacodec -lopencv_videostab -lopencv_cudaoptflow -lopencv_cudalegacy -lopencv_photo -lopencv_cudawarping -lopencv_cudaimgproc -lopencv_cudafilters -lopencv_aruco -lopencv_bgsegm -lopencv_bioinspired -lopencv_ccalib -lopencv_dpm -lopencv_face -lopencv_freetype -lopencv_fuzzy -lopencv_hdf -lopencv_line_descriptor -lopencv_optflow -lopencv_reg -lopencv_rgbd -lopencv_saliency -lopencv_stereo -lopencv_structured_light -lopencv_phase_unwrapping -lopencv_surface_matching -lopencv_tracking -lopencv_datasets -lopencv_text -lopencv_dnn -lopencv_plot -lopencv_ml -lopencv_xfeatures2d -lopencv_shape -lopencv_video -lopencv_cudaarithm -lopencv_ximgproc -lopencv_calib3d -lopencv_features2d -lopencv_highgui -lopencv_videoio -lopencv_flann -lopencv_xobjdetect -lopencv_imgcodecs -lopencv_objdetect -lopencv_xphoto -lopencv_imgproc -lopencv_core -lopencv_cudev -lboost_python -lboost_system -lpython2.7
Finished building target: game_vision
 
